INFO: localdir at /localscratch/2817040.giorgio.ravanelli
INFO: your job will run on local system.
>>>> Processing Folder /scratch/giorgio.ravanelli/test_new_profile/BICRO207/SLIDE001
>>>> Pixel dim 130.0, 130.0, 200.0
>>>> Estimated nuclei pixel dimension 100
>>>> Use dw dapi for masks: False
INFO:root: PROCESSING /scratch/giorgio.ravanelli/test_new_profile/BICRO207/SLIDE001
INFO:root:False, <class 'str'>
INFO:root: ---------
INFO:root: Loading /scratch/giorgio.ravanelli/test_new_profile/BICRO207/SLIDE001/dapi_SLIDE001_F1.tiff
INFO:cellpose.core:>>>> using CPU
INFO:cellpose.models:>> nuclei << model set to be used
INFO:cellpose.models:>>>> model diam_mean =  17.000 (ROIs rescaled to this size during training)
INFO:root:Starting Mask file generation
INFO:cellpose.models:~~~ FINDING MASKS ~~~
INFO:cellpose.transforms:multi-stack tiff read in as having 111 planes 1 channels
INFO:cellpose.core:running YX: 111 planes of size (1024, 1024)
INFO:cellpose.core:0%|          | 0/4 [00:00<?, ?it/s]
INFO:cellpose.core:25%|##5       | 1/4 [00:01<00:05,  1.78s/it]
INFO:cellpose.core:50%|#####     | 2/4 [00:03<00:03,  1.55s/it]
INFO:cellpose.core:75%|#######5  | 3/4 [00:04<00:01,  1.47s/it]
INFO:cellpose.core:100%|##########| 4/4 [00:05<00:00,  1.43s/it]
INFO:cellpose.core:100%|##########| 4/4 [00:05<00:00,  1.48s/it]
INFO:cellpose.core:running ZY: 1024 planes of size (111, 1024)
INFO:cellpose.core:0%|          | 0/32 [00:00<?, ?it/s]
INFO:cellpose.core:3%|3         | 1/32 [00:00<00:11,  2.71it/s]
INFO:cellpose.core:6%|6         | 2/32 [00:00<00:10,  2.98it/s]
INFO:cellpose.core:9%|9         | 3/32 [00:00<00:09,  3.06it/s]
INFO:cellpose.core:12%|#2        | 4/32 [00:01<00:09,  3.06it/s]
INFO:cellpose.core:16%|#5        | 5/32 [00:01<00:08,  3.10it/s]
INFO:cellpose.core:19%|#8        | 6/32 [00:01<00:08,  3.10it/s]
INFO:cellpose.core:22%|##1       | 7/32 [00:02<00:08,  3.12it/s]
INFO:cellpose.core:25%|##5       | 8/32 [00:02<00:07,  3.13it/s]
INFO:cellpose.core:28%|##8       | 9/32 [00:02<00:07,  3.15it/s]
INFO:cellpose.core:31%|###1      | 10/32 [00:03<00:07,  3.11it/s]
INFO:cellpose.core:34%|###4      | 11/32 [00:03<00:06,  3.10it/s]
INFO:cellpose.core:38%|###7      | 12/32 [00:03<00:06,  3.12it/s]
INFO:cellpose.core:41%|####      | 13/32 [00:04<00:06,  3.11it/s]
INFO:cellpose.core:44%|####3     | 14/32 [00:04<00:05,  3.12it/s]
INFO:cellpose.core:47%|####6     | 15/32 [00:04<00:05,  3.10it/s]
INFO:cellpose.core:50%|#####     | 16/32 [00:05<00:05,  3.07it/s]
INFO:cellpose.core:53%|#####3    | 17/32 [00:05<00:04,  3.09it/s]
INFO:cellpose.core:56%|#####6    | 18/32 [00:05<00:04,  3.05it/s]
INFO:cellpose.core:59%|#####9    | 19/32 [00:06<00:04,  3.07it/s]
INFO:cellpose.core:62%|######2   | 20/32 [00:06<00:03,  3.07it/s]
INFO:cellpose.core:66%|######5   | 21/32 [00:06<00:03,  3.07it/s]
INFO:cellpose.core:69%|######8   | 22/32 [00:07<00:03,  3.06it/s]
INFO:cellpose.core:72%|#######1  | 23/32 [00:07<00:02,  3.07it/s]
INFO:cellpose.core:75%|#######5  | 24/32 [00:07<00:02,  3.07it/s]
INFO:cellpose.core:78%|#######8  | 25/32 [00:08<00:02,  3.09it/s]
INFO:cellpose.core:81%|########1 | 26/32 [00:08<00:01,  3.10it/s]
INFO:cellpose.core:84%|########4 | 27/32 [00:08<00:01,  3.08it/s]
INFO:cellpose.core:88%|########7 | 28/32 [00:09<00:01,  3.11it/s]
INFO:cellpose.core:91%|######### | 29/32 [00:09<00:00,  3.08it/s]
INFO:cellpose.core:94%|#########3| 30/32 [00:09<00:00,  3.06it/s]
INFO:cellpose.core:97%|#########6| 31/32 [00:10<00:00,  3.07it/s]
INFO:cellpose.core:100%|##########| 32/32 [00:10<00:00,  3.05it/s]
INFO:cellpose.core:100%|##########| 32/32 [00:10<00:00,  3.08it/s]
INFO:cellpose.core:running ZX: 1024 planes of size (111, 1024)
INFO:cellpose.core:0%|          | 0/32 [00:00<?, ?it/s]
INFO:cellpose.core:3%|3         | 1/32 [00:00<00:10,  3.05it/s]
INFO:cellpose.core:6%|6         | 2/32 [00:00<00:09,  3.09it/s]
INFO:cellpose.core:9%|9         | 3/32 [00:00<00:09,  3.09it/s]
INFO:cellpose.core:12%|#2        | 4/32 [00:01<00:09,  3.07it/s]
INFO:cellpose.core:16%|#5        | 5/32 [00:01<00:08,  3.07it/s]
INFO:cellpose.core:19%|#8        | 6/32 [00:01<00:08,  3.05it/s]
INFO:cellpose.core:22%|##1       | 7/32 [00:02<00:08,  3.02it/s]
INFO:cellpose.core:25%|##5       | 8/32 [00:02<00:07,  3.02it/s]
INFO:cellpose.core:28%|##8       | 9/32 [00:02<00:07,  3.00it/s]
INFO:cellpose.core:31%|###1      | 10/32 [00:03<00:07,  3.01it/s]
INFO:cellpose.core:34%|###4      | 11/32 [00:03<00:06,  3.03it/s]
INFO:cellpose.core:38%|###7      | 12/32 [00:03<00:06,  3.03it/s]
INFO:cellpose.core:41%|####      | 13/32 [00:04<00:06,  3.05it/s]
INFO:cellpose.core:44%|####3     | 14/32 [00:04<00:05,  3.05it/s]
INFO:cellpose.core:47%|####6     | 15/32 [00:04<00:05,  3.03it/s]
INFO:cellpose.core:50%|#####     | 16/32 [00:05<00:05,  3.05it/s]
INFO:cellpose.core:53%|#####3    | 17/32 [00:05<00:04,  3.05it/s]
INFO:cellpose.core:56%|#####6    | 18/32 [00:05<00:04,  3.05it/s]
INFO:cellpose.core:59%|#####9    | 19/32 [00:06<00:04,  3.08it/s]
INFO:cellpose.core:62%|######2   | 20/32 [00:06<00:03,  3.04it/s]
INFO:cellpose.core:66%|######5   | 21/32 [00:06<00:03,  3.03it/s]
INFO:cellpose.core:69%|######8   | 22/32 [00:07<00:03,  3.03it/s]
INFO:cellpose.core:72%|#######1  | 23/32 [00:07<00:02,  3.04it/s]
INFO:cellpose.core:75%|#######5  | 24/32 [00:07<00:02,  3.04it/s]
INFO:cellpose.core:78%|#######8  | 25/32 [00:08<00:02,  3.04it/s]
INFO:cellpose.core:81%|########1 | 26/32 [00:08<00:01,  3.04it/s]
INFO:cellpose.core:84%|########4 | 27/32 [00:08<00:01,  3.01it/s]
INFO:cellpose.core:88%|########7 | 28/32 [00:09<00:01,  2.98it/s]
INFO:cellpose.core:91%|######### | 29/32 [00:09<00:00,  3.03it/s]
INFO:cellpose.core:94%|#########3| 30/32 [00:09<00:00,  3.03it/s]
INFO:cellpose.core:97%|#########6| 31/32 [00:10<00:00,  3.03it/s]
INFO:cellpose.core:100%|##########| 32/32 [00:10<00:00,  3.03it/s]
INFO:cellpose.core:100%|##########| 32/32 [00:10<00:00,  3.04it/s]
INFO:cellpose.models:network run in 46.27s
INFO:cellpose.models:masks created in 42.63s
INFO:cellpose.models:>>>> TOTAL TIME 96.66 sec
INFO:root: Clear borders
INFO:root: nuclei indexes [  0   1   2   3   4   5   6   7   8   9  10  11  12  13  14  15  16  17
  18  19  20  21  22  23  24  25  26  27  28  29  30  31  32  33  34  35
  36  37  38  39  40  41  42  43  44  45  46  47  48  49  50  51  52  53
  54  55  56  57  58  59  60  61  62  63  64  65  66  67  68  69  70  71
  72  73  74  75  76  77  78  79  80  81  82  83  84  85  86  87  88  89
  90  91  92  93  94  95  96  97  98  99 100 101 102 103 104 105 106 107
 108 109 110 111 112 113 114 115 116 117 118 119 120 121 122 123 124 125
 126 127 128 129 130 131 132 133 134 135 136 137 138 139 140 141 142 143
 144 145 146 147 148 149 150 151 152 153 154 155 156 157 158 159 160 161
 162 163 164 165 166 167 168 169 170 171 172 173 174 175 176 177 178 179
 180 181 182 183 184 185 186 187 188 189 190 191 192 193 194 195 196 197
 198 199 200 201 202 203 204 205 206 207 208 209 210 211 212 213 214 215
 216 217 218 219 220 221 222 223 224 225 226 227 228 229 230 231 232 233
 234 235 236 237 238 239 240 241 242 243 244 245 246 247 248 249 250 251
 252 253 254 255 256 257 258 259 260 261 262 263 264 265 266 267 268 269
 270 271 272 273 274 275 276 277 278 279 280 281 282 283 284 285 286 287
 288 289 290 291 292 293 294 295 296 297 298 299 300 301 302 303 304 305
 306 307 308 309 310 311 312 313 314 315 316 317 318 319 320 321 322 323
 324 325 326 327 328 329 330 331 332 333 334 335 336 337 338 339 340 341
 342 343 344 345 346 347 348 349 350 351 352 353 354 355 356 357 358 359
 360 361 362 363 364 365 366 367 368 369 370 371 372 373 374 375 376 377
 378 379 380 381 382 383 384 385 386 387 388 389 390 391 392 393 394 395
 396 397 398 399 400 401 402 403 404 405 406 407 408 409 410 411 412 413
 414 415 416 417 418 419 420 421 422 423 424 425 426 427 428 429 430 431
 432 433 434 435 436 437 438 439 440 441 442 443 444 445 446 447 448 449
 450 451 452 453 454 455 456 457 458 459 460 461 462 463 464 465 466 467
 468 469 470 471 472 473 474 475 476 477 478 479 480 481 482 483 484 485
 486 487 488 489 490 491 492 493 494 495 496 497 498 499 500 501 502 503
 504 505 506 507 508 509 510 511 512 513 514 515 516 517 518 519 520 521
 522 523 524 525 526 527 528 529 530 531 532 533 534 535 536 537 538 539
 540 541 542 543 544 545 546 547 548 549 550 551 552 553 554 555 556 557
 558 559 560 561 562 563 564 565 566 567 568 569]
INFO:root: ---------
INFO:root: Loading /scratch/giorgio.ravanelli/test_new_profile/BICRO207/SLIDE001/dapi_SLIDE001_F2.tiff
INFO:cellpose.core:>>>> using CPU
INFO:cellpose.models:>> nuclei << model set to be used
INFO:cellpose.models:>>>> model diam_mean =  17.000 (ROIs rescaled to this size during training)
INFO:root:Starting Mask file generation
INFO:cellpose.models:~~~ FINDING MASKS ~~~
INFO:cellpose.transforms:multi-stack tiff read in as having 111 planes 1 channels
INFO:cellpose.core:running YX: 111 planes of size (1024, 1024)
INFO:cellpose.core:0%|          | 0/4 [00:00<?, ?it/s]
INFO:cellpose.core:25%|##5       | 1/4 [00:01<00:04,  1.45s/it]
INFO:cellpose.core:50%|#####     | 2/4 [00:02<00:02,  1.41s/it]
INFO:cellpose.core:75%|#######5  | 3/4 [00:04<00:01,  1.39s/it]
INFO:cellpose.core:100%|##########| 4/4 [00:05<00:00,  1.39s/it]
INFO:cellpose.core:100%|##########| 4/4 [00:05<00:00,  1.39s/it]
INFO:cellpose.core:running ZY: 1024 planes of size (111, 1024)
INFO:cellpose.core:0%|          | 0/32 [00:00<?, ?it/s]
INFO:cellpose.core:3%|3         | 1/32 [00:00<00:10,  2.87it/s]
INFO:cellpose.core:6%|6         | 2/32 [00:00<00:10,  2.82it/s]
INFO:cellpose.core:9%|9         | 3/32 [00:01<00:10,  2.87it/s]
INFO:cellpose.core:12%|#2        | 4/32 [00:01<00:09,  2.87it/s]
INFO:cellpose.core:16%|#5        | 5/32 [00:01<00:09,  2.88it/s]
INFO:cellpose.core:19%|#8        | 6/32 [00:02<00:08,  2.91it/s]
INFO:cellpose.core:22%|##1       | 7/32 [00:02<00:08,  2.89it/s]
INFO:cellpose.core:25%|##5       | 8/32 [00:02<00:08,  2.90it/s]
INFO:cellpose.core:28%|##8       | 9/32 [00:03<00:07,  2.92it/s]
INFO:cellpose.core:31%|###1      | 10/32 [00:03<00:07,  2.98it/s]
INFO:cellpose.core:34%|###4      | 11/32 [00:03<00:07,  2.95it/s]
INFO:cellpose.core:38%|###7      | 12/32 [00:04<00:06,  2.92it/s]
INFO:cellpose.core:41%|####      | 13/32 [00:04<00:06,  2.88it/s]
INFO:cellpose.core:44%|####3     | 14/32 [00:04<00:06,  2.87it/s]
INFO:cellpose.core:47%|####6     | 15/32 [00:05<00:05,  2.86it/s]
INFO:cellpose.core:50%|#####     | 16/32 [00:05<00:05,  2.86it/s]
INFO:cellpose.core:53%|#####3    | 17/32 [00:05<00:05,  2.86it/s]
INFO:cellpose.core:56%|#####6    | 18/32 [00:06<00:04,  2.86it/s]
INFO:cellpose.core:59%|#####9    | 19/32 [00:06<00:04,  2.86it/s]
INFO:cellpose.core:62%|######2   | 20/32 [00:06<00:04,  2.85it/s]
INFO:cellpose.core:66%|######5   | 21/32 [00:07<00:03,  2.85it/s]
INFO:cellpose.core:69%|######8   | 22/32 [00:07<00:03,  2.86it/s]
INFO:cellpose.core:72%|#######1  | 23/32 [00:07<00:03,  2.87it/s]
INFO:cellpose.core:75%|#######5  | 24/32 [00:08<00:02,  2.87it/s]
INFO:cellpose.core:78%|#######8  | 25/32 [00:08<00:02,  2.86it/s]
INFO:cellpose.core:81%|########1 | 26/32 [00:09<00:02,  2.87it/s]
INFO:cellpose.core:84%|########4 | 27/32 [00:09<00:01,  2.90it/s]
INFO:cellpose.core:88%|########7 | 28/32 [00:09<00:01,  2.92it/s]
INFO:cellpose.core:91%|######### | 29/32 [00:10<00:01,  2.92it/s]
INFO:cellpose.core:94%|#########3| 30/32 [00:10<00:00,  2.93it/s]
INFO:cellpose.core:97%|#########6| 31/32 [00:10<00:00,  2.90it/s]
INFO:cellpose.core:100%|##########| 32/32 [00:11<00:00,  2.92it/s]
INFO:cellpose.core:100%|##########| 32/32 [00:11<00:00,  2.89it/s]
INFO:cellpose.core:running ZX: 1024 planes of size (111, 1024)
INFO:cellpose.core:0%|          | 0/32 [00:00<?, ?it/s]
INFO:cellpose.core:3%|3         | 1/32 [00:00<00:10,  2.92it/s]
INFO:cellpose.core:6%|6         | 2/32 [00:00<00:10,  2.91it/s]
INFO:cellpose.core:9%|9         | 3/32 [00:01<00:10,  2.88it/s]
INFO:cellpose.core:12%|#2        | 4/32 [00:01<00:09,  2.90it/s]
INFO:cellpose.core:16%|#5        | 5/32 [00:01<00:09,  2.88it/s]
INFO:cellpose.core:19%|#8        | 6/32 [00:02<00:09,  2.84it/s]
INFO:cellpose.core:22%|##1       | 7/32 [00:02<00:08,  2.83it/s]
INFO:cellpose.core:25%|##5       | 8/32 [00:02<00:08,  2.84it/s]
INFO:cellpose.core:28%|##8       | 9/32 [00:03<00:08,  2.84it/s]
INFO:cellpose.core:31%|###1      | 10/32 [00:03<00:07,  2.81it/s]
INFO:cellpose.core:34%|###4      | 11/32 [00:03<00:07,  2.83it/s]
INFO:cellpose.core:38%|###7      | 12/32 [00:04<00:07,  2.84it/s]
INFO:cellpose.core:41%|####      | 13/32 [00:04<00:06,  2.84it/s]
INFO:cellpose.core:44%|####3     | 14/32 [00:04<00:06,  2.87it/s]
INFO:cellpose.core:47%|####6     | 15/32 [00:05<00:05,  2.86it/s]
INFO:cellpose.core:50%|#####     | 16/32 [00:05<00:05,  2.85it/s]
INFO:cellpose.core:53%|#####3    | 17/32 [00:05<00:05,  2.87it/s]
INFO:cellpose.core:56%|#####6    | 18/32 [00:06<00:04,  2.85it/s]
INFO:cellpose.core:59%|#####9    | 19/32 [00:06<00:04,  2.85it/s]
INFO:cellpose.core:62%|######2   | 20/32 [00:07<00:04,  2.85it/s]
INFO:cellpose.core:66%|######5   | 21/32 [00:07<00:03,  2.86it/s]
INFO:cellpose.core:69%|######8   | 22/32 [00:07<00:03,  2.83it/s]
INFO:cellpose.core:72%|#######1  | 23/32 [00:08<00:03,  2.86it/s]
INFO:cellpose.core:75%|#######5  | 24/32 [00:08<00:02,  2.87it/s]
INFO:cellpose.core:78%|#######8  | 25/32 [00:08<00:02,  2.89it/s]
INFO:cellpose.core:81%|########1 | 26/32 [00:09<00:02,  2.86it/s]
INFO:cellpose.core:84%|########4 | 27/32 [00:09<00:01,  2.87it/s]
INFO:cellpose.core:88%|########7 | 28/32 [00:09<00:01,  2.89it/s]
INFO:cellpose.core:91%|######### | 29/32 [00:10<00:01,  2.90it/s]
INFO:cellpose.core:94%|#########3| 30/32 [00:10<00:00,  2.87it/s]
INFO:cellpose.core:97%|#########6| 31/32 [00:10<00:00,  2.86it/s]
INFO:cellpose.core:100%|##########| 32/32 [00:11<00:00,  2.88it/s]
INFO:cellpose.core:100%|##########| 32/32 [00:11<00:00,  2.86it/s]
INFO:cellpose.models:network run in 46.03s
INFO:cellpose.models:masks created in 110.24s
INFO:cellpose.models:>>>> TOTAL TIME 163.76 sec
INFO:root: Clear borders
INFO:root: nuclei indexes [   0  570  571 ... 1773 1774 1775]
INFO:root: ---------
INFO:root: Loading /scratch/giorgio.ravanelli/test_new_profile/BICRO207/SLIDE001/dapi_SLIDE001_F3.tiff
INFO:cellpose.core:>>>> using CPU
INFO:cellpose.models:>> nuclei << model set to be used
INFO:cellpose.models:>>>> model diam_mean =  17.000 (ROIs rescaled to this size during training)
INFO:root:Starting Mask file generation
INFO:cellpose.models:~~~ FINDING MASKS ~~~
INFO:cellpose.transforms:multi-stack tiff read in as having 111 planes 1 channels
INFO:cellpose.core:running YX: 111 planes of size (1024, 1024)
INFO:cellpose.core:0%|          | 0/4 [00:00<?, ?it/s]
INFO:cellpose.core:25%|##5       | 1/4 [00:01<00:04,  1.40s/it]
INFO:cellpose.core:50%|#####     | 2/4 [00:02<00:02,  1.36s/it]
INFO:cellpose.core:75%|#######5  | 3/4 [00:04<00:01,  1.34s/it]
INFO:cellpose.core:100%|##########| 4/4 [00:05<00:00,  1.32s/it]
INFO:cellpose.core:100%|##########| 4/4 [00:05<00:00,  1.33s/it]
INFO:cellpose.core:running ZY: 1024 planes of size (111, 1024)
INFO:cellpose.core:0%|          | 0/32 [00:00<?, ?it/s]
INFO:cellpose.core:3%|3         | 1/32 [00:00<00:09,  3.34it/s]
INFO:cellpose.core:6%|6         | 2/32 [00:00<00:09,  3.27it/s]
INFO:cellpose.core:9%|9         | 3/32 [00:00<00:08,  3.31it/s]
INFO:cellpose.core:12%|#2        | 4/32 [00:01<00:08,  3.27it/s]
INFO:cellpose.core:16%|#5        | 5/32 [00:01<00:08,  3.26it/s]
INFO:cellpose.core:19%|#8        | 6/32 [00:01<00:07,  3.29it/s]
INFO:cellpose.core:22%|##1       | 7/32 [00:02<00:07,  3.29it/s]
INFO:cellpose.core:25%|##5       | 8/32 [00:02<00:07,  3.31it/s]
INFO:cellpose.core:28%|##8       | 9/32 [00:02<00:06,  3.32it/s]
INFO:cellpose.core:31%|###1      | 10/32 [00:03<00:06,  3.32it/s]
INFO:cellpose.core:34%|###4      | 11/32 [00:03<00:06,  3.33it/s]
INFO:cellpose.core:38%|###7      | 12/32 [00:03<00:05,  3.34it/s]
INFO:cellpose.core:41%|####      | 13/32 [00:03<00:05,  3.33it/s]
INFO:cellpose.core:44%|####3     | 14/32 [00:04<00:05,  3.30it/s]
INFO:cellpose.core:47%|####6     | 15/32 [00:04<00:05,  3.32it/s]
INFO:cellpose.core:50%|#####     | 16/32 [00:04<00:04,  3.33it/s]
INFO:cellpose.core:53%|#####3    | 17/32 [00:05<00:04,  3.34it/s]
INFO:cellpose.core:56%|#####6    | 18/32 [00:05<00:04,  3.34it/s]
INFO:cellpose.core:59%|#####9    | 19/32 [00:05<00:03,  3.34it/s]
INFO:cellpose.core:62%|######2   | 20/32 [00:06<00:03,  3.35it/s]
INFO:cellpose.core:66%|######5   | 21/32 [00:06<00:03,  3.32it/s]
INFO:cellpose.core:69%|######8   | 22/32 [00:06<00:03,  3.30it/s]
INFO:cellpose.core:72%|#######1  | 23/32 [00:06<00:02,  3.29it/s]
INFO:cellpose.core:75%|#######5  | 24/32 [00:07<00:02,  3.28it/s]
INFO:cellpose.core:78%|#######8  | 25/32 [00:07<00:02,  3.30it/s]
INFO:cellpose.core:81%|########1 | 26/32 [00:07<00:01,  3.29it/s]
INFO:cellpose.core:84%|########4 | 27/32 [00:08<00:01,  3.28it/s]
INFO:cellpose.core:88%|########7 | 28/32 [00:08<00:01,  3.28it/s]
INFO:cellpose.core:91%|######### | 29/32 [00:08<00:00,  3.27it/s]
INFO:cellpose.core:94%|#########3| 30/32 [00:09<00:00,  3.27it/s]
INFO:cellpose.core:97%|#########6| 31/32 [00:09<00:00,  3.30it/s]
INFO:cellpose.core:100%|##########| 32/32 [00:09<00:00,  3.32it/s]
INFO:cellpose.core:100%|##########| 32/32 [00:09<00:00,  3.31it/s]
INFO:cellpose.core:running ZX: 1024 planes of size (111, 1024)
INFO:cellpose.core:0%|          | 0/32 [00:00<?, ?it/s]
INFO:cellpose.core:3%|3         | 1/32 [00:00<00:09,  3.26it/s]
INFO:cellpose.core:6%|6         | 2/32 [00:00<00:09,  3.26it/s]
INFO:cellpose.core:9%|9         | 3/32 [00:00<00:08,  3.30it/s]
INFO:cellpose.core:12%|#2        | 4/32 [00:01<00:08,  3.28it/s]
INFO:cellpose.core:16%|#5        | 5/32 [00:01<00:08,  3.28it/s]
INFO:cellpose.core:19%|#8        | 6/32 [00:01<00:07,  3.27it/s]
INFO:cellpose.core:22%|##1       | 7/32 [00:02<00:07,  3.27it/s]
INFO:cellpose.core:25%|##5       | 8/32 [00:02<00:07,  3.26it/s]
INFO:cellpose.core:28%|##8       | 9/32 [00:02<00:07,  3.26it/s]
INFO:cellpose.core:31%|###1      | 10/32 [00:03<00:06,  3.28it/s]
INFO:cellpose.core:34%|###4      | 11/32 [00:03<00:06,  3.31it/s]
INFO:cellpose.core:38%|###7      | 12/32 [00:03<00:06,  3.31it/s]
INFO:cellpose.core:41%|####      | 13/32 [00:03<00:05,  3.33it/s]
INFO:cellpose.core:44%|####3     | 14/32 [00:04<00:05,  3.34it/s]
INFO:cellpose.core:47%|####6     | 15/32 [00:04<00:05,  3.35it/s]
INFO:cellpose.core:50%|#####     | 16/32 [00:04<00:04,  3.36it/s]
INFO:cellpose.core:53%|#####3    | 17/32 [00:05<00:04,  3.33it/s]
INFO:cellpose.core:56%|#####6    | 18/32 [00:05<00:04,  3.31it/s]
INFO:cellpose.core:59%|#####9    | 19/32 [00:05<00:03,  3.29it/s]
INFO:cellpose.core:62%|######2   | 20/32 [00:06<00:03,  3.32it/s]
INFO:cellpose.core:66%|######5   | 21/32 [00:06<00:03,  3.23it/s]
INFO:cellpose.core:69%|######8   | 22/32 [00:06<00:03,  3.24it/s]
INFO:cellpose.core:72%|#######1  | 23/32 [00:06<00:02,  3.25it/s]
INFO:cellpose.core:75%|#######5  | 24/32 [00:07<00:02,  3.29it/s]
INFO:cellpose.core:78%|#######8  | 25/32 [00:07<00:02,  3.30it/s]
INFO:cellpose.core:81%|########1 | 26/32 [00:07<00:01,  3.30it/s]
INFO:cellpose.core:84%|########4 | 27/32 [00:08<00:01,  3.28it/s]
INFO:cellpose.core:88%|########7 | 28/32 [00:08<00:01,  3.28it/s]
INFO:cellpose.core:91%|######### | 29/32 [00:08<00:00,  3.29it/s]
INFO:cellpose.core:94%|#########3| 30/32 [00:09<00:00,  3.29it/s]
INFO:cellpose.core:97%|#########6| 31/32 [00:09<00:00,  3.29it/s]
INFO:cellpose.core:100%|##########| 32/32 [00:09<00:00,  3.32it/s]
INFO:cellpose.core:100%|##########| 32/32 [00:09<00:00,  3.30it/s]
INFO:cellpose.models:network run in 40.72s
INFO:cellpose.models:masks created in 92.92s
INFO:cellpose.models:>>>> TOTAL TIME 140.88 sec
INFO:root: Clear borders
INFO:root: nuclei indexes [   0 1776 1777 ... 3077 3078 3079]
INFO:root: ---------
INFO:root: Loading /scratch/giorgio.ravanelli/test_new_profile/BICRO207/SLIDE001/dapi_SLIDE001_F4.tiff
INFO:cellpose.core:>>>> using CPU
INFO:cellpose.models:>> nuclei << model set to be used
INFO:cellpose.models:>>>> model diam_mean =  17.000 (ROIs rescaled to this size during training)
INFO:root:Starting Mask file generation
INFO:cellpose.models:~~~ FINDING MASKS ~~~
INFO:cellpose.transforms:multi-stack tiff read in as having 111 planes 1 channels
INFO:cellpose.core:running YX: 111 planes of size (1024, 1024)
INFO:cellpose.core:0%|          | 0/4 [00:00<?, ?it/s]
INFO:cellpose.core:25%|##5       | 1/4 [00:01<00:04,  1.34s/it]
INFO:cellpose.core:50%|#####     | 2/4 [00:02<00:02,  1.29s/it]
INFO:cellpose.core:75%|#######5  | 3/4 [00:03<00:01,  1.28s/it]
INFO:cellpose.core:100%|##########| 4/4 [00:05<00:00,  1.26s/it]
INFO:cellpose.core:100%|##########| 4/4 [00:05<00:00,  1.27s/it]
INFO:cellpose.core:running ZY: 1024 planes of size (111, 1024)
INFO:cellpose.core:0%|          | 0/32 [00:00<?, ?it/s]
INFO:cellpose.core:3%|3         | 1/32 [00:00<00:08,  3.52it/s]
INFO:cellpose.core:6%|6         | 2/32 [00:00<00:08,  3.52it/s]
INFO:cellpose.core:9%|9         | 3/32 [00:00<00:08,  3.52it/s]
INFO:cellpose.core:12%|#2        | 4/32 [00:01<00:07,  3.52it/s]
INFO:cellpose.core:16%|#5        | 5/32 [00:01<00:07,  3.52it/s]
INFO:cellpose.core:19%|#8        | 6/32 [00:01<00:07,  3.52it/s]
INFO:cellpose.core:22%|##1       | 7/32 [00:01<00:07,  3.52it/s]
INFO:cellpose.core:25%|##5       | 8/32 [00:02<00:06,  3.52it/s]
INFO:cellpose.core:28%|##8       | 9/32 [00:02<00:06,  3.52it/s]
INFO:cellpose.core:31%|###1      | 10/32 [00:02<00:06,  3.53it/s]
INFO:cellpose.core:34%|###4      | 11/32 [00:03<00:05,  3.52it/s]
INFO:cellpose.core:38%|###7      | 12/32 [00:03<00:05,  3.53it/s]
INFO:cellpose.core:41%|####      | 13/32 [00:03<00:05,  3.53it/s]
INFO:cellpose.core:44%|####3     | 14/32 [00:03<00:05,  3.52it/s]
INFO:cellpose.core:47%|####6     | 15/32 [00:04<00:04,  3.53it/s]
INFO:cellpose.core:50%|#####     | 16/32 [00:04<00:04,  3.53it/s]
INFO:cellpose.core:53%|#####3    | 17/32 [00:04<00:04,  3.52it/s]
INFO:cellpose.core:56%|#####6    | 18/32 [00:05<00:03,  3.52it/s]
INFO:cellpose.core:59%|#####9    | 19/32 [00:05<00:03,  3.52it/s]
INFO:cellpose.core:62%|######2   | 20/32 [00:05<00:03,  3.53it/s]
INFO:cellpose.core:66%|######5   | 21/32 [00:05<00:03,  3.52it/s]
INFO:cellpose.core:69%|######8   | 22/32 [00:06<00:02,  3.52it/s]
INFO:cellpose.core:72%|#######1  | 23/32 [00:06<00:02,  3.53it/s]
INFO:cellpose.core:75%|#######5  | 24/32 [00:06<00:02,  3.53it/s]
INFO:cellpose.core:78%|#######8  | 25/32 [00:07<00:01,  3.53it/s]
INFO:cellpose.core:81%|########1 | 26/32 [00:07<00:01,  3.53it/s]
INFO:cellpose.core:84%|########4 | 27/32 [00:07<00:01,  3.53it/s]
INFO:cellpose.core:88%|########7 | 28/32 [00:07<00:01,  3.53it/s]
INFO:cellpose.core:91%|######### | 29/32 [00:08<00:00,  3.53it/s]
INFO:cellpose.core:94%|#########3| 30/32 [00:08<00:00,  3.53it/s]
INFO:cellpose.core:97%|#########6| 31/32 [00:08<00:00,  3.53it/s]
INFO:cellpose.core:100%|##########| 32/32 [00:09<00:00,  3.53it/s]
INFO:cellpose.core:100%|##########| 32/32 [00:09<00:00,  3.53it/s]
INFO:cellpose.core:running ZX: 1024 planes of size (111, 1024)
INFO:cellpose.core:0%|          | 0/32 [00:00<?, ?it/s]
INFO:cellpose.core:3%|3         | 1/32 [00:00<00:08,  3.52it/s]
INFO:cellpose.core:6%|6         | 2/32 [00:00<00:08,  3.52it/s]
INFO:cellpose.core:9%|9         | 3/32 [00:00<00:08,  3.52it/s]
INFO:cellpose.core:12%|#2        | 4/32 [00:01<00:07,  3.52it/s]
INFO:cellpose.core:16%|#5        | 5/32 [00:01<00:07,  3.52it/s]
INFO:cellpose.core:19%|#8        | 6/32 [00:01<00:07,  3.52it/s]
INFO:cellpose.core:22%|##1       | 7/32 [00:01<00:07,  3.52it/s]
INFO:cellpose.core:25%|##5       | 8/32 [00:02<00:06,  3.52it/s]
INFO:cellpose.core:28%|##8       | 9/32 [00:02<00:06,  3.52it/s]
INFO:cellpose.core:31%|###1      | 10/32 [00:02<00:06,  3.52it/s]
INFO:cellpose.core:34%|###4      | 11/32 [00:03<00:05,  3.52it/s]
INFO:cellpose.core:38%|###7      | 12/32 [00:03<00:05,  3.52it/s]
INFO:cellpose.core:41%|####      | 13/32 [00:03<00:05,  3.52it/s]
INFO:cellpose.core:44%|####3     | 14/32 [00:03<00:05,  3.52it/s]
INFO:cellpose.core:47%|####6     | 15/32 [00:04<00:04,  3.52it/s]
INFO:cellpose.core:50%|#####     | 16/32 [00:04<00:04,  3.52it/s]
INFO:cellpose.core:53%|#####3    | 17/32 [00:04<00:04,  3.52it/s]
INFO:cellpose.core:56%|#####6    | 18/32 [00:05<00:03,  3.52it/s]
INFO:cellpose.core:59%|#####9    | 19/32 [00:05<00:03,  3.53it/s]
INFO:cellpose.core:62%|######2   | 20/32 [00:05<00:03,  3.53it/s]
INFO:cellpose.core:66%|######5   | 21/32 [00:05<00:03,  3.53it/s]
INFO:cellpose.core:69%|######8   | 22/32 [00:06<00:02,  3.53it/s]
INFO:cellpose.core:72%|#######1  | 23/32 [00:06<00:02,  3.53it/s]
INFO:cellpose.core:75%|#######5  | 24/32 [00:06<00:02,  3.53it/s]
INFO:cellpose.core:78%|#######8  | 25/32 [00:07<00:01,  3.53it/s]
INFO:cellpose.core:81%|########1 | 26/32 [00:07<00:01,  3.53it/s]
INFO:cellpose.core:84%|########4 | 27/32 [00:07<00:01,  3.53it/s]
INFO:cellpose.core:88%|########7 | 28/32 [00:07<00:01,  3.53it/s]
INFO:cellpose.core:91%|######### | 29/32 [00:08<00:00,  3.52it/s]
INFO:cellpose.core:94%|#########3| 30/32 [00:08<00:00,  3.53it/s]
INFO:cellpose.core:97%|#########6| 31/32 [00:08<00:00,  3.53it/s]
INFO:cellpose.core:100%|##########| 32/32 [00:09<00:00,  3.53it/s]
INFO:cellpose.core:100%|##########| 32/32 [00:09<00:00,  3.52it/s]
INFO:cellpose.models:network run in 41.74s
INFO:cellpose.models:masks created in 143.50s
INFO:cellpose.models:>>>> TOTAL TIME 192.35 sec
INFO:root: Clear borders
INFO:root: nuclei indexes [   0 3080 3081 ... 4566 4567 4568]
INFO:root: ---------
INFO:root: Loading /scratch/giorgio.ravanelli/test_new_profile/BICRO207/SLIDE001/dapi_SLIDE001_F5.tiff
INFO:cellpose.core:>>>> using CPU
INFO:cellpose.models:>> nuclei << model set to be used
INFO:cellpose.models:>>>> model diam_mean =  17.000 (ROIs rescaled to this size during training)
INFO:root:Starting Mask file generation
INFO:cellpose.models:~~~ FINDING MASKS ~~~
INFO:cellpose.transforms:multi-stack tiff read in as having 111 planes 1 channels
INFO:cellpose.core:running YX: 111 planes of size (1024, 1024)
INFO:cellpose.core:0%|          | 0/4 [00:00<?, ?it/s]
INFO:cellpose.core:25%|##5       | 1/4 [00:01<00:03,  1.33s/it]
INFO:cellpose.core:50%|#####     | 2/4 [00:02<00:02,  1.28s/it]
INFO:cellpose.core:75%|#######5  | 3/4 [00:03<00:01,  1.26s/it]
INFO:cellpose.core:100%|##########| 4/4 [00:05<00:00,  1.25s/it]
INFO:cellpose.core:100%|##########| 4/4 [00:05<00:00,  1.26s/it]
INFO:cellpose.core:running ZY: 1024 planes of size (111, 1024)
INFO:cellpose.core:0%|          | 0/32 [00:00<?, ?it/s]
INFO:cellpose.core:3%|3         | 1/32 [00:00<00:08,  3.53it/s]
INFO:cellpose.core:6%|6         | 2/32 [00:00<00:08,  3.52it/s]
INFO:cellpose.core:9%|9         | 3/32 [00:00<00:08,  3.52it/s]
INFO:cellpose.core:12%|#2        | 4/32 [00:01<00:07,  3.52it/s]
INFO:cellpose.core:16%|#5        | 5/32 [00:01<00:07,  3.52it/s]
INFO:cellpose.core:19%|#8        | 6/32 [00:01<00:07,  3.52it/s]
INFO:cellpose.core:22%|##1       | 7/32 [00:01<00:07,  3.52it/s]
INFO:cellpose.core:25%|##5       | 8/32 [00:02<00:06,  3.52it/s]
INFO:cellpose.core:28%|##8       | 9/32 [00:02<00:06,  3.52it/s]
INFO:cellpose.core:31%|###1      | 10/32 [00:02<00:06,  3.52it/s]
INFO:cellpose.core:34%|###4      | 11/32 [00:03<00:05,  3.52it/s]
INFO:cellpose.core:38%|###7      | 12/32 [00:03<00:05,  3.52it/s]
INFO:cellpose.core:41%|####      | 13/32 [00:03<00:05,  3.52it/s]
INFO:cellpose.core:44%|####3     | 14/32 [00:03<00:05,  3.53it/s]
INFO:cellpose.core:47%|####6     | 15/32 [00:04<00:04,  3.53it/s]
INFO:cellpose.core:50%|#####     | 16/32 [00:04<00:04,  3.53it/s]
INFO:cellpose.core:53%|#####3    | 17/32 [00:04<00:04,  3.53it/s]
INFO:cellpose.core:56%|#####6    | 18/32 [00:05<00:03,  3.53it/s]
INFO:cellpose.core:59%|#####9    | 19/32 [00:05<00:03,  3.53it/s]
INFO:cellpose.core:62%|######2   | 20/32 [00:05<00:03,  3.53it/s]
INFO:cellpose.core:66%|######5   | 21/32 [00:05<00:03,  3.52it/s]
INFO:cellpose.core:69%|######8   | 22/32 [00:06<00:02,  3.52it/s]
INFO:cellpose.core:72%|#######1  | 23/32 [00:06<00:02,  3.45it/s]
INFO:cellpose.core:75%|#######5  | 24/32 [00:06<00:02,  3.47it/s]
INFO:cellpose.core:78%|#######8  | 25/32 [00:07<00:02,  3.49it/s]
INFO:cellpose.core:81%|########1 | 26/32 [00:07<00:01,  3.50it/s]
INFO:cellpose.core:84%|########4 | 27/32 [00:07<00:01,  3.51it/s]
INFO:cellpose.core:88%|########7 | 28/32 [00:07<00:01,  3.51it/s]
INFO:cellpose.core:91%|######### | 29/32 [00:08<00:00,  3.52it/s]
INFO:cellpose.core:94%|#########3| 30/32 [00:08<00:00,  3.52it/s]
INFO:cellpose.core:97%|#########6| 31/32 [00:08<00:00,  3.52it/s]
INFO:cellpose.core:100%|##########| 32/32 [00:09<00:00,  3.53it/s]
INFO:cellpose.core:100%|##########| 32/32 [00:09<00:00,  3.52it/s]
INFO:cellpose.core:running ZX: 1024 planes of size (111, 1024)
INFO:cellpose.core:0%|          | 0/32 [00:00<?, ?it/s]
INFO:cellpose.core:3%|3         | 1/32 [00:00<00:08,  3.52it/s]
INFO:cellpose.core:6%|6         | 2/32 [00:00<00:08,  3.52it/s]
INFO:cellpose.core:9%|9         | 3/32 [00:00<00:08,  3.52it/s]
INFO:cellpose.core:12%|#2        | 4/32 [00:01<00:07,  3.52it/s]
INFO:cellpose.core:16%|#5        | 5/32 [00:01<00:07,  3.52it/s]
INFO:cellpose.core:19%|#8        | 6/32 [00:01<00:07,  3.52it/s]
INFO:cellpose.core:22%|##1       | 7/32 [00:01<00:07,  3.52it/s]
INFO:cellpose.core:25%|##5       | 8/32 [00:02<00:06,  3.52it/s]
INFO:cellpose.core:28%|##8       | 9/32 [00:02<00:06,  3.52it/s]
INFO:cellpose.core:31%|###1      | 10/32 [00:02<00:06,  3.52it/s]
INFO:cellpose.core:34%|###4      | 11/32 [00:03<00:05,  3.52it/s]
INFO:cellpose.core:38%|###7      | 12/32 [00:03<00:05,  3.52it/s]
INFO:cellpose.core:41%|####      | 13/32 [00:03<00:05,  3.52it/s]
INFO:cellpose.core:44%|####3     | 14/32 [00:03<00:05,  3.53it/s]
INFO:cellpose.core:47%|####6     | 15/32 [00:04<00:04,  3.53it/s]
INFO:cellpose.core:50%|#####     | 16/32 [00:04<00:04,  3.53it/s]
INFO:cellpose.core:53%|#####3    | 17/32 [00:04<00:04,  3.53it/s]
INFO:cellpose.core:56%|#####6    | 18/32 [00:05<00:03,  3.53it/s]
INFO:cellpose.core:59%|#####9    | 19/32 [00:05<00:03,  3.53it/s]
INFO:cellpose.core:62%|######2   | 20/32 [00:05<00:03,  3.53it/s]
INFO:cellpose.core:66%|######5   | 21/32 [00:05<00:03,  3.53it/s]
INFO:cellpose.core:69%|######8   | 22/32 [00:06<00:02,  3.53it/s]
INFO:cellpose.core:72%|#######1  | 23/32 [00:06<00:02,  3.53it/s]
INFO:cellpose.core:75%|#######5  | 24/32 [00:06<00:02,  3.53it/s]
INFO:cellpose.core:78%|#######8  | 25/32 [00:07<00:01,  3.53it/s]
INFO:cellpose.core:81%|########1 | 26/32 [00:07<00:01,  3.53it/s]
INFO:cellpose.core:84%|########4 | 27/32 [00:07<00:01,  3.53it/s]
INFO:cellpose.core:88%|########7 | 28/32 [00:07<00:01,  3.53it/s]
INFO:cellpose.core:91%|######### | 29/32 [00:08<00:00,  3.53it/s]
INFO:cellpose.core:94%|#########3| 30/32 [00:08<00:00,  3.53it/s]
INFO:cellpose.core:97%|#########6| 31/32 [00:08<00:00,  3.53it/s]
INFO:cellpose.core:100%|##########| 32/32 [00:09<00:00,  3.53it/s]
INFO:cellpose.core:100%|##########| 32/32 [00:09<00:00,  3.52it/s]
INFO:cellpose.models:network run in 41.49s
INFO:cellpose.models:masks created in 142.28s
INFO:cellpose.models:>>>> TOTAL TIME 191.16 sec
INFO:root: Clear borders
INFO:root: nuclei indexes [   0 4569 4570 ... 5995 5996 5997]
INFO:root: ---------
INFO:root: Loading /scratch/giorgio.ravanelli/test_new_profile/BICRO207/SLIDE001/dapi_SLIDE001_F6.tiff
INFO:cellpose.core:>>>> using CPU
INFO:cellpose.models:>> nuclei << model set to be used
INFO:cellpose.models:>>>> model diam_mean =  17.000 (ROIs rescaled to this size during training)
INFO:root:Starting Mask file generation
INFO:cellpose.models:~~~ FINDING MASKS ~~~
INFO:cellpose.transforms:multi-stack tiff read in as having 111 planes 1 channels
INFO:cellpose.core:running YX: 111 planes of size (1024, 1024)
INFO:cellpose.core:0%|          | 0/4 [00:00<?, ?it/s]
INFO:cellpose.core:25%|##5       | 1/4 [00:01<00:04,  1.37s/it]
INFO:cellpose.core:50%|#####     | 2/4 [00:02<00:02,  1.32s/it]
INFO:cellpose.core:75%|#######5  | 3/4 [00:03<00:01,  1.30s/it]
INFO:cellpose.core:100%|##########| 4/4 [00:05<00:00,  1.29s/it]
INFO:cellpose.core:100%|##########| 4/4 [00:05<00:00,  1.30s/it]
INFO:cellpose.core:running ZY: 1024 planes of size (111, 1024)
INFO:cellpose.core:0%|          | 0/32 [00:00<?, ?it/s]
INFO:cellpose.core:3%|3         | 1/32 [00:00<00:08,  3.47it/s]
INFO:cellpose.core:6%|6         | 2/32 [00:00<00:08,  3.50it/s]
INFO:cellpose.core:9%|9         | 3/32 [00:00<00:08,  3.51it/s]
INFO:cellpose.core:12%|#2        | 4/32 [00:01<00:07,  3.52it/s]
INFO:cellpose.core:16%|#5        | 5/32 [00:01<00:07,  3.52it/s]
INFO:cellpose.core:19%|#8        | 6/32 [00:01<00:07,  3.52it/s]
INFO:cellpose.core:22%|##1       | 7/32 [00:01<00:07,  3.52it/s]
INFO:cellpose.core:25%|##5       | 8/32 [00:02<00:06,  3.52it/s]
INFO:cellpose.core:28%|##8       | 9/32 [00:02<00:06,  3.51it/s]
INFO:cellpose.core:31%|###1      | 10/32 [00:02<00:06,  3.50it/s]
INFO:cellpose.core:34%|###4      | 11/32 [00:03<00:05,  3.51it/s]
INFO:cellpose.core:38%|###7      | 12/32 [00:03<00:05,  3.51it/s]
INFO:cellpose.core:41%|####      | 13/32 [00:03<00:05,  3.52it/s]
INFO:cellpose.core:44%|####3     | 14/32 [00:03<00:05,  3.52it/s]
INFO:cellpose.core:47%|####6     | 15/32 [00:04<00:04,  3.52it/s]
INFO:cellpose.core:50%|#####     | 16/32 [00:04<00:04,  3.52it/s]
INFO:cellpose.core:53%|#####3    | 17/32 [00:04<00:04,  3.52it/s]
INFO:cellpose.core:56%|#####6    | 18/32 [00:05<00:03,  3.52it/s]
INFO:cellpose.core:59%|#####9    | 19/32 [00:05<00:03,  3.52it/s]
INFO:cellpose.core:62%|######2   | 20/32 [00:05<00:03,  3.52it/s]
INFO:cellpose.core:66%|######5   | 21/32 [00:05<00:03,  3.53it/s]
INFO:cellpose.core:69%|######8   | 22/32 [00:06<00:02,  3.53it/s]
INFO:cellpose.core:72%|#######1  | 23/32 [00:06<00:02,  3.53it/s]
INFO:cellpose.core:75%|#######5  | 24/32 [00:06<00:02,  3.53it/s]
INFO:cellpose.core:78%|#######8  | 25/32 [00:07<00:01,  3.53it/s]
INFO:cellpose.core:81%|########1 | 26/32 [00:07<00:01,  3.53it/s]
INFO:cellpose.core:84%|########4 | 27/32 [00:07<00:01,  3.52it/s]
INFO:cellpose.core:88%|########7 | 28/32 [00:07<00:01,  3.51it/s]
INFO:cellpose.core:91%|######### | 29/32 [00:08<00:00,  3.51it/s]
INFO:cellpose.core:94%|#########3| 30/32 [00:08<00:00,  3.51it/s]
INFO:cellpose.core:97%|#########6| 31/32 [00:08<00:00,  3.51it/s]
INFO:cellpose.core:100%|##########| 32/32 [00:09<00:00,  3.50it/s]
INFO:cellpose.core:100%|##########| 32/32 [00:09<00:00,  3.52it/s]
INFO:cellpose.core:running ZX: 1024 planes of size (111, 1024)
INFO:cellpose.core:0%|          | 0/32 [00:00<?, ?it/s]
INFO:cellpose.core:3%|3         | 1/32 [00:00<00:08,  3.51it/s]
INFO:cellpose.core:6%|6         | 2/32 [00:00<00:08,  3.51it/s]
INFO:cellpose.core:9%|9         | 3/32 [00:00<00:08,  3.51it/s]
INFO:cellpose.core:12%|#2        | 4/32 [00:01<00:07,  3.52it/s]
INFO:cellpose.core:16%|#5        | 5/32 [00:01<00:07,  3.52it/s]
INFO:cellpose.core:19%|#8        | 6/32 [00:01<00:07,  3.52it/s]
INFO:cellpose.core:22%|##1       | 7/32 [00:01<00:07,  3.53it/s]
INFO:cellpose.core:25%|##5       | 8/32 [00:02<00:06,  3.53it/s]
INFO:cellpose.core:28%|##8       | 9/32 [00:02<00:06,  3.53it/s]
INFO:cellpose.core:31%|###1      | 10/32 [00:02<00:06,  3.52it/s]
INFO:cellpose.core:34%|###4      | 11/32 [00:03<00:05,  3.52it/s]
INFO:cellpose.core:38%|###7      | 12/32 [00:03<00:05,  3.51it/s]
INFO:cellpose.core:41%|####      | 13/32 [00:03<00:05,  3.51it/s]
INFO:cellpose.core:44%|####3     | 14/32 [00:03<00:05,  3.51it/s]
INFO:cellpose.core:47%|####6     | 15/32 [00:04<00:04,  3.51it/s]
INFO:cellpose.core:50%|#####     | 16/32 [00:04<00:04,  3.51it/s]
INFO:cellpose.core:53%|#####3    | 17/32 [00:04<00:04,  3.52it/s]
INFO:cellpose.core:56%|#####6    | 18/32 [00:05<00:03,  3.52it/s]
INFO:cellpose.core:59%|#####9    | 19/32 [00:05<00:03,  3.53it/s]
INFO:cellpose.core:62%|######2   | 20/32 [00:05<00:03,  3.52it/s]
INFO:cellpose.core:66%|######5   | 21/32 [00:05<00:03,  3.52it/s]
INFO:cellpose.core:69%|######8   | 22/32 [00:06<00:02,  3.53it/s]
INFO:cellpose.core:72%|#######1  | 23/32 [00:06<00:02,  3.53it/s]
INFO:cellpose.core:75%|#######5  | 24/32 [00:06<00:02,  3.53it/s]
INFO:cellpose.core:78%|#######8  | 25/32 [00:07<00:01,  3.53it/s]
INFO:cellpose.core:81%|########1 | 26/32 [00:07<00:01,  3.51it/s]
INFO:cellpose.core:84%|########4 | 27/32 [00:07<00:01,  3.50it/s]
INFO:cellpose.core:88%|########7 | 28/32 [00:07<00:01,  3.51it/s]
INFO:cellpose.core:91%|######### | 29/32 [00:08<00:00,  3.51it/s]
INFO:cellpose.core:94%|#########3| 30/32 [00:08<00:00,  3.50it/s]
INFO:cellpose.core:97%|#########6| 31/32 [00:08<00:00,  3.50it/s]
INFO:cellpose.core:100%|##########| 32/32 [00:09<00:00,  3.51it/s]
INFO:cellpose.core:100%|##########| 32/32 [00:09<00:00,  3.52it/s]
INFO:cellpose.models:network run in 42.15s
INFO:cellpose.models:masks created in 121.30s
INFO:cellpose.models:>>>> TOTAL TIME 170.81 sec
INFO:root: Clear borders
INFO:root: nuclei indexes [   0 5998 5999 ... 7613 7614 7615]
INFO:root: ---------
INFO:root: Loading /scratch/giorgio.ravanelli/test_new_profile/BICRO207/SLIDE001/dapi_SLIDE001_F7.tiff
INFO:cellpose.core:>>>> using CPU
INFO:cellpose.models:>> nuclei << model set to be used
INFO:cellpose.models:>>>> model diam_mean =  17.000 (ROIs rescaled to this size during training)
INFO:root:Starting Mask file generation
INFO:cellpose.models:~~~ FINDING MASKS ~~~
INFO:cellpose.transforms:multi-stack tiff read in as having 111 planes 1 channels
INFO:cellpose.core:running YX: 111 planes of size (1024, 1024)
INFO:cellpose.core:0%|          | 0/4 [00:00<?, ?it/s]
INFO:cellpose.core:25%|##5       | 1/4 [00:01<00:03,  1.33s/it]
INFO:cellpose.core:50%|#####     | 2/4 [00:02<00:02,  1.28s/it]
INFO:cellpose.core:75%|#######5  | 3/4 [00:03<00:01,  1.26s/it]
INFO:cellpose.core:100%|##########| 4/4 [00:05<00:00,  1.26s/it]
INFO:cellpose.core:100%|##########| 4/4 [00:05<00:00,  1.26s/it]
INFO:cellpose.core:running ZY: 1024 planes of size (111, 1024)
INFO:cellpose.core:0%|          | 0/32 [00:00<?, ?it/s]
INFO:cellpose.core:3%|3         | 1/32 [00:00<00:08,  3.55it/s]
INFO:cellpose.core:6%|6         | 2/32 [00:00<00:08,  3.54it/s]
INFO:cellpose.core:9%|9         | 3/32 [00:00<00:08,  3.54it/s]
INFO:cellpose.core:12%|#2        | 4/32 [00:01<00:07,  3.54it/s]
INFO:cellpose.core:16%|#5        | 5/32 [00:01<00:07,  3.55it/s]
INFO:cellpose.core:19%|#8        | 6/32 [00:01<00:07,  3.55it/s]
INFO:cellpose.core:22%|##1       | 7/32 [00:01<00:07,  3.55it/s]
INFO:cellpose.core:25%|##5       | 8/32 [00:02<00:06,  3.55it/s]
INFO:cellpose.core:28%|##8       | 9/32 [00:02<00:06,  3.55it/s]
INFO:cellpose.core:31%|###1      | 10/32 [00:02<00:06,  3.55it/s]
INFO:cellpose.core:34%|###4      | 11/32 [00:03<00:05,  3.55it/s]
INFO:cellpose.core:38%|###7      | 12/32 [00:03<00:05,  3.55it/s]
INFO:cellpose.core:41%|####      | 13/32 [00:03<00:05,  3.55it/s]
INFO:cellpose.core:44%|####3     | 14/32 [00:03<00:05,  3.55it/s]
INFO:cellpose.core:47%|####6     | 15/32 [00:04<00:04,  3.55it/s]
INFO:cellpose.core:50%|#####     | 16/32 [00:04<00:04,  3.55it/s]
INFO:cellpose.core:53%|#####3    | 17/32 [00:04<00:04,  3.55it/s]
INFO:cellpose.core:56%|#####6    | 18/32 [00:05<00:03,  3.55it/s]
INFO:cellpose.core:59%|#####9    | 19/32 [00:05<00:03,  3.55it/s]
INFO:cellpose.core:62%|######2   | 20/32 [00:05<00:03,  3.55it/s]
INFO:cellpose.core:66%|######5   | 21/32 [00:05<00:03,  3.55it/s]
INFO:cellpose.core:69%|######8   | 22/32 [00:06<00:02,  3.55it/s]
INFO:cellpose.core:72%|#######1  | 23/32 [00:06<00:02,  3.55it/s]
INFO:cellpose.core:75%|#######5  | 24/32 [00:06<00:02,  3.55it/s]
INFO:cellpose.core:78%|#######8  | 25/32 [00:07<00:01,  3.55it/s]
INFO:cellpose.core:81%|########1 | 26/32 [00:07<00:01,  3.55it/s]
INFO:cellpose.core:84%|########4 | 27/32 [00:07<00:01,  3.55it/s]
INFO:cellpose.core:88%|########7 | 28/32 [00:07<00:01,  3.54it/s]
INFO:cellpose.core:91%|######### | 29/32 [00:08<00:00,  3.46it/s]
INFO:cellpose.core:94%|#########3| 30/32 [00:08<00:00,  3.49it/s]
INFO:cellpose.core:97%|#########6| 31/32 [00:08<00:00,  3.51it/s]
INFO:cellpose.core:100%|##########| 32/32 [00:09<00:00,  3.51it/s]
INFO:cellpose.core:100%|##########| 32/32 [00:09<00:00,  3.54it/s]
INFO:cellpose.core:running ZX: 1024 planes of size (111, 1024)
INFO:cellpose.core:0%|          | 0/32 [00:00<?, ?it/s]
INFO:cellpose.core:3%|3         | 1/32 [00:00<00:08,  3.52it/s]
INFO:cellpose.core:6%|6         | 2/32 [00:00<00:08,  3.52it/s]
INFO:cellpose.core:9%|9         | 3/32 [00:00<00:08,  3.53it/s]
INFO:cellpose.core:12%|#2        | 4/32 [00:01<00:07,  3.54it/s]
INFO:cellpose.core:16%|#5        | 5/32 [00:01<00:07,  3.55it/s]
INFO:cellpose.core:19%|#8        | 6/32 [00:01<00:07,  3.55it/s]
INFO:cellpose.core:22%|##1       | 7/32 [00:01<00:07,  3.54it/s]
INFO:cellpose.core:25%|##5       | 8/32 [00:02<00:06,  3.54it/s]
INFO:cellpose.core:28%|##8       | 9/32 [00:02<00:06,  3.54it/s]
INFO:cellpose.core:31%|###1      | 10/32 [00:02<00:06,  3.55it/s]
INFO:cellpose.core:34%|###4      | 11/32 [00:03<00:05,  3.55it/s]
INFO:cellpose.core:38%|###7      | 12/32 [00:03<00:05,  3.54it/s]
INFO:cellpose.core:41%|####      | 13/32 [00:03<00:05,  3.54it/s]
INFO:cellpose.core:44%|####3     | 14/32 [00:03<00:05,  3.54it/s]
INFO:cellpose.core:47%|####6     | 15/32 [00:04<00:04,  3.54it/s]
INFO:cellpose.core:50%|#####     | 16/32 [00:04<00:04,  3.55it/s]
INFO:cellpose.core:53%|#####3    | 17/32 [00:04<00:04,  3.55it/s]
INFO:cellpose.core:56%|#####6    | 18/32 [00:05<00:03,  3.55it/s]
INFO:cellpose.core:59%|#####9    | 19/32 [00:05<00:03,  3.55it/s]
INFO:cellpose.core:62%|######2   | 20/32 [00:05<00:03,  3.55it/s]
INFO:cellpose.core:66%|######5   | 21/32 [00:05<00:03,  3.55it/s]
INFO:cellpose.core:69%|######8   | 22/32 [00:06<00:02,  3.55it/s]
INFO:cellpose.core:72%|#######1  | 23/32 [00:06<00:02,  3.55it/s]
INFO:cellpose.core:75%|#######5  | 24/32 [00:06<00:02,  3.55it/s]
INFO:cellpose.core:78%|#######8  | 25/32 [00:07<00:01,  3.55it/s]
INFO:cellpose.core:81%|########1 | 26/32 [00:07<00:01,  3.56it/s]
INFO:cellpose.core:84%|########4 | 27/32 [00:07<00:01,  3.55it/s]
INFO:cellpose.core:88%|########7 | 28/32 [00:07<00:01,  3.56it/s]
INFO:cellpose.core:91%|######### | 29/32 [00:08<00:00,  3.56it/s]
INFO:cellpose.core:94%|#########3| 30/32 [00:08<00:00,  3.56it/s]
INFO:cellpose.core:97%|#########6| 31/32 [00:08<00:00,  3.56it/s]
INFO:cellpose.core:100%|##########| 32/32 [00:09<00:00,  3.56it/s]
INFO:cellpose.core:100%|##########| 32/32 [00:09<00:00,  3.55it/s]
INFO:cellpose.models:network run in 40.35s
INFO:cellpose.models:masks created in 52.02s
INFO:cellpose.models:>>>> TOTAL TIME 100.19 sec
INFO:root: Clear borders
INFO:root: nuclei indexes [   0 7616 7617 7618 7619 7620 7621 7622 7623 7624 7625 7626 7627 7628
 7629 7630 7631 7632 7633 7634 7635 7636 7637 7638 7639 7640 7641 7642
 7643 7644 7645 7646 7647 7648 7649 7650 7651 7652 7653 7654 7655 7656
 7657 7658 7659 7660 7661 7662 7663 7664 7665 7666 7667 7668 7669 7670
 7671 7672 7673 7674 7675 7676 7677 7678 7679 7680 7681 7682 7683 7684
 7685 7686 7687 7688 7689 7690 7691 7692 7693 7694 7695 7696 7697 7698
 7699 7700 7701 7702 7703 7704 7705 7706 7707 7708 7709 7710 7711 7712
 7713 7714 7715 7716 7717 7718 7719 7720 7721 7722 7723 7724 7725 7726
 7727 7728 7729 7730 7731 7732 7733 7734 7735 7736 7737 7738 7739 7740
 7741 7742 7743 7744 7745 7746 7747 7748 7749 7750 7751 7752 7753 7754
 7755 7756 7757 7758 7759 7760 7761 7762 7763 7764 7765 7766 7767 7768
 7769 7770 7771 7772 7773 7774 7775 7776 7777 7778 7779 7780 7781 7782
 7783 7784 7785 7786 7787 7788 7789 7790 7791 7792 7793 7794 7795 7796
 7797 7798 7799 7800 7801 7802 7803 7804 7805 7806 7807 7808 7809 7810
 7811 7812 7813 7814 7815 7816 7817 7818 7819 7820 7821 7822 7823 7824
 7825 7826 7827 7828 7829 7830 7831 7832 7833 7834 7835 7836 7837 7838
 7839 7840 7841 7842 7843 7844 7845 7846 7847 7848 7849 7850 7851 7852
 7853 7854 7855 7856 7857 7858 7859 7860 7861 7862 7863 7864 7865 7866
 7867 7868 7869 7870 7871 7872 7873 7874 7875 7876 7877 7878 7879 7880
 7881 7882 7883 7884 7885 7886 7887 7888 7889 7890 7891 7892 7893 7894
 7895 7896 7897 7898 7899 7900 7901 7902 7903 7904 7905 7906 7907 7908
 7909 7910 7911 7912 7913 7914 7915 7916 7917 7918 7919 7920 7921 7922
 7923 7924 7925 7926 7927 7928 7929 7930 7931 7932 7933 7934 7935 7936
 7937 7938 7939 7940 7941 7942 7943 7944 7945 7946 7947 7948 7949 7950
 7951 7952 7953 7954 7955 7956 7957 7958 7959 7960 7961 7962 7963 7964
 7965 7966 7967 7968 7969 7970 7971 7972 7973 7974 7975 7976 7977 7978
 7979 7980 7981 7982 7983 7984 7985 7986 7987 7988 7989 7990 7991 7992
 7993 7994 7995 7996 7997 7998 7999 8000 8001 8002 8003 8004 8005 8006
 8007 8008 8009 8010 8011 8012 8013 8014 8015 8016 8017 8018 8019 8020
 8021 8022 8023 8024 8025 8026 8027 8028 8029 8030 8031 8032 8033 8034
 8035 8036 8037 8038 8039 8040 8041 8042 8043 8044 8045 8046 8047 8048
 8049 8050 8051 8052 8053 8054 8055 8056 8057 8058 8059 8060 8061 8062
 8063 8064 8065 8066 8067 8068 8069 8070 8071 8072 8073 8074 8075 8076
 8077 8078 8079 8080 8081 8082 8083 8084 8085 8086 8087 8088 8089 8090
 8091 8092 8093 8094 8095 8096 8097 8098 8099 8100 8101 8102 8103 8104
 8105 8106 8107 8108 8109 8110 8111 8112 8113 8114 8115 8116 8117 8118
 8119 8120 8121 8122 8123 8124 8125 8126 8127 8128 8129 8130 8131 8132
 8133 8134 8135 8136 8137 8138 8139 8140 8141 8142 8143 8144 8145 8146
 8147 8148 8149 8150 8151 8152 8153 8154 8155 8156 8157 8158 8159 8160
 8161 8162 8163 8164 8165 8166 8167 8168 8169 8170 8171 8172 8173 8174
 8175 8176 8177 8178 8179 8180 8181 8182 8183 8184 8185 8186 8187 8188
 8189 8190 8191 8192 8193 8194 8195 8196 8197 8198 8199 8200 8201 8202
 8203 8204 8205 8206 8207 8208 8209 8210 8211 8212]
INFO:root: ---------
INFO:root: Loading /scratch/giorgio.ravanelli/test_new_profile/BICRO207/SLIDE001/dapi_SLIDE001_F8.tiff
INFO:cellpose.core:>>>> using CPU
INFO:cellpose.models:>> nuclei << model set to be used
INFO:cellpose.models:>>>> model diam_mean =  17.000 (ROIs rescaled to this size during training)
INFO:root:Starting Mask file generation
INFO:cellpose.models:~~~ FINDING MASKS ~~~
INFO:cellpose.transforms:multi-stack tiff read in as having 111 planes 1 channels
INFO:cellpose.core:running YX: 111 planes of size (1024, 1024)
INFO:cellpose.core:0%|          | 0/4 [00:00<?, ?it/s]
INFO:cellpose.core:25%|##5       | 1/4 [00:01<00:04,  1.36s/it]
INFO:cellpose.core:50%|#####     | 2/4 [00:02<00:02,  1.30s/it]
INFO:cellpose.core:75%|#######5  | 3/4 [00:03<00:01,  1.28s/it]
INFO:cellpose.core:100%|##########| 4/4 [00:05<00:00,  1.28s/it]
INFO:cellpose.core:100%|##########| 4/4 [00:05<00:00,  1.29s/it]
INFO:cellpose.core:running ZY: 1024 planes of size (111, 1024)
INFO:cellpose.core:0%|          | 0/32 [00:00<?, ?it/s]
INFO:cellpose.core:3%|3         | 1/32 [00:00<00:08,  3.53it/s]
INFO:cellpose.core:6%|6         | 2/32 [00:00<00:08,  3.53it/s]
INFO:cellpose.core:9%|9         | 3/32 [00:00<00:08,  3.53it/s]
INFO:cellpose.core:12%|#2        | 4/32 [00:01<00:07,  3.53it/s]
INFO:cellpose.core:16%|#5        | 5/32 [00:01<00:07,  3.53it/s]
INFO:cellpose.core:19%|#8        | 6/32 [00:01<00:07,  3.53it/s]
INFO:cellpose.core:22%|##1       | 7/32 [00:01<00:07,  3.53it/s]
INFO:cellpose.core:25%|##5       | 8/32 [00:02<00:06,  3.53it/s]
INFO:cellpose.core:28%|##8       | 9/32 [00:02<00:06,  3.53it/s]
INFO:cellpose.core:31%|###1      | 10/32 [00:02<00:06,  3.53it/s]
INFO:cellpose.core:34%|###4      | 11/32 [00:03<00:05,  3.53it/s]
INFO:cellpose.core:38%|###7      | 12/32 [00:03<00:05,  3.53it/s]
INFO:cellpose.core:41%|####      | 13/32 [00:03<00:05,  3.53it/s]
INFO:cellpose.core:44%|####3     | 14/32 [00:03<00:05,  3.53it/s]
INFO:cellpose.core:47%|####6     | 15/32 [00:04<00:04,  3.52it/s]
INFO:cellpose.core:50%|#####     | 16/32 [00:04<00:04,  3.52it/s]
INFO:cellpose.core:53%|#####3    | 17/32 [00:04<00:04,  3.52it/s]
INFO:cellpose.core:56%|#####6    | 18/32 [00:05<00:03,  3.52it/s]
INFO:cellpose.core:59%|#####9    | 19/32 [00:05<00:03,  3.52it/s]
INFO:cellpose.core:62%|######2   | 20/32 [00:05<00:03,  3.52it/s]
INFO:cellpose.core:66%|######5   | 21/32 [00:05<00:03,  3.51it/s]
INFO:cellpose.core:69%|######8   | 22/32 [00:06<00:02,  3.50it/s]
INFO:cellpose.core:72%|#######1  | 23/32 [00:06<00:02,  3.51it/s]
INFO:cellpose.core:75%|#######5  | 24/32 [00:06<00:02,  3.51it/s]
INFO:cellpose.core:78%|#######8  | 25/32 [00:07<00:01,  3.52it/s]
INFO:cellpose.core:81%|########1 | 26/32 [00:07<00:01,  3.52it/s]
INFO:cellpose.core:84%|########4 | 27/32 [00:07<00:01,  3.52it/s]
INFO:cellpose.core:88%|########7 | 28/32 [00:07<00:01,  3.52it/s]
INFO:cellpose.core:91%|######### | 29/32 [00:08<00:00,  3.52it/s]
INFO:cellpose.core:94%|#########3| 30/32 [00:08<00:00,  3.53it/s]
INFO:cellpose.core:97%|#########6| 31/32 [00:08<00:00,  3.53it/s]
INFO:cellpose.core:100%|##########| 32/32 [00:09<00:00,  3.53it/s]
INFO:cellpose.core:100%|##########| 32/32 [00:09<00:00,  3.52it/s]
INFO:cellpose.core:running ZX: 1024 planes of size (111, 1024)
INFO:cellpose.core:0%|          | 0/32 [00:00<?, ?it/s]
INFO:cellpose.core:3%|3         | 1/32 [00:00<00:08,  3.54it/s]
INFO:cellpose.core:6%|6         | 2/32 [00:00<00:08,  3.53it/s]
INFO:cellpose.core:9%|9         | 3/32 [00:00<00:08,  3.53it/s]
INFO:cellpose.core:12%|#2        | 4/32 [00:01<00:07,  3.53it/s]
INFO:cellpose.core:16%|#5        | 5/32 [00:01<00:07,  3.53it/s]
INFO:cellpose.core:19%|#8        | 6/32 [00:01<00:07,  3.53it/s]
INFO:cellpose.core:22%|##1       | 7/32 [00:01<00:07,  3.53it/s]
INFO:cellpose.core:25%|##5       | 8/32 [00:02<00:06,  3.53it/s]
INFO:cellpose.core:28%|##8       | 9/32 [00:02<00:06,  3.53it/s]
INFO:cellpose.core:31%|###1      | 10/32 [00:02<00:06,  3.52it/s]
INFO:cellpose.core:34%|###4      | 11/32 [00:03<00:05,  3.52it/s]
INFO:cellpose.core:38%|###7      | 12/32 [00:03<00:05,  3.52it/s]
INFO:cellpose.core:41%|####      | 13/32 [00:03<00:05,  3.52it/s]
INFO:cellpose.core:44%|####3     | 14/32 [00:03<00:05,  3.52it/s]
INFO:cellpose.core:47%|####6     | 15/32 [00:04<00:04,  3.53it/s]
INFO:cellpose.core:50%|#####     | 16/32 [00:04<00:04,  3.53it/s]
INFO:cellpose.core:53%|#####3    | 17/32 [00:04<00:04,  3.53it/s]
INFO:cellpose.core:56%|#####6    | 18/32 [00:05<00:03,  3.52it/s]
INFO:cellpose.core:59%|#####9    | 19/32 [00:05<00:03,  3.52it/s]
INFO:cellpose.core:62%|######2   | 20/32 [00:05<00:03,  3.52it/s]
INFO:cellpose.core:66%|######5   | 21/32 [00:05<00:03,  3.53it/s]
INFO:cellpose.core:69%|######8   | 22/32 [00:06<00:02,  3.53it/s]
INFO:cellpose.core:72%|#######1  | 23/32 [00:06<00:02,  3.46it/s]
INFO:cellpose.core:75%|#######5  | 24/32 [00:06<00:02,  3.48it/s]
INFO:cellpose.core:78%|#######8  | 25/32 [00:07<00:02,  3.50it/s]
INFO:cellpose.core:81%|########1 | 26/32 [00:07<00:01,  3.51it/s]
INFO:cellpose.core:84%|########4 | 27/32 [00:07<00:01,  3.52it/s]
INFO:cellpose.core:88%|########7 | 28/32 [00:07<00:01,  3.53it/s]
INFO:cellpose.core:91%|######### | 29/32 [00:08<00:00,  3.53it/s]
INFO:cellpose.core:94%|#########3| 30/32 [00:08<00:00,  3.53it/s]
INFO:cellpose.core:97%|#########6| 31/32 [00:08<00:00,  3.53it/s]
INFO:cellpose.core:100%|##########| 32/32 [00:09<00:00,  3.53it/s]
INFO:cellpose.core:100%|##########| 32/32 [00:09<00:00,  3.52it/s]
INFO:cellpose.models:network run in 41.31s
INFO:cellpose.models:masks created in 89.93s
INFO:cellpose.models:>>>> TOTAL TIME 138.32 sec
INFO:root: Clear borders
INFO:root: nuclei indexes [   0 8213 8214 ... 9367 9368 9369]
INFO:root: ---------
INFO:root: Loading /scratch/giorgio.ravanelli/test_new_profile/BICRO207/SLIDE001/dapi_SLIDE001_F9.tiff
INFO:cellpose.core:>>>> using CPU
INFO:cellpose.models:>> nuclei << model set to be used
INFO:cellpose.models:>>>> model diam_mean =  17.000 (ROIs rescaled to this size during training)
INFO:root:Starting Mask file generation
INFO:cellpose.models:~~~ FINDING MASKS ~~~
INFO:cellpose.transforms:multi-stack tiff read in as having 111 planes 1 channels
INFO:cellpose.core:running YX: 111 planes of size (1024, 1024)
INFO:cellpose.core:0%|          | 0/4 [00:00<?, ?it/s]
INFO:cellpose.core:25%|##5       | 1/4 [00:01<00:04,  1.34s/it]
INFO:cellpose.core:50%|#####     | 2/4 [00:02<00:02,  1.28s/it]
INFO:cellpose.core:75%|#######5  | 3/4 [00:03<00:01,  1.28s/it]
INFO:cellpose.core:100%|##########| 4/4 [00:05<00:00,  1.26s/it]
INFO:cellpose.core:100%|##########| 4/4 [00:05<00:00,  1.27s/it]
INFO:cellpose.core:running ZY: 1024 planes of size (111, 1024)
INFO:cellpose.core:0%|          | 0/32 [00:00<?, ?it/s]
INFO:cellpose.core:3%|3         | 1/32 [00:00<00:08,  3.46it/s]
INFO:cellpose.core:6%|6         | 2/32 [00:00<00:08,  3.45it/s]
INFO:cellpose.core:9%|9         | 3/32 [00:00<00:08,  3.48it/s]
INFO:cellpose.core:12%|#2        | 4/32 [00:01<00:07,  3.50it/s]
INFO:cellpose.core:16%|#5        | 5/32 [00:01<00:07,  3.52it/s]
INFO:cellpose.core:19%|#8        | 6/32 [00:01<00:07,  3.52it/s]
INFO:cellpose.core:22%|##1       | 7/32 [00:01<00:07,  3.52it/s]
INFO:cellpose.core:25%|##5       | 8/32 [00:02<00:06,  3.52it/s]
INFO:cellpose.core:28%|##8       | 9/32 [00:02<00:06,  3.51it/s]
INFO:cellpose.core:31%|###1      | 10/32 [00:02<00:06,  3.52it/s]
INFO:cellpose.core:34%|###4      | 11/32 [00:03<00:05,  3.51it/s]
INFO:cellpose.core:38%|###7      | 12/32 [00:03<00:05,  3.52it/s]
INFO:cellpose.core:41%|####      | 13/32 [00:03<00:05,  3.52it/s]
INFO:cellpose.core:44%|####3     | 14/32 [00:03<00:05,  3.51it/s]
INFO:cellpose.core:47%|####6     | 15/32 [00:04<00:04,  3.52it/s]
INFO:cellpose.core:50%|#####     | 16/32 [00:04<00:04,  3.53it/s]
INFO:cellpose.core:53%|#####3    | 17/32 [00:04<00:04,  3.54it/s]
INFO:cellpose.core:56%|#####6    | 18/32 [00:05<00:03,  3.54it/s]
INFO:cellpose.core:59%|#####9    | 19/32 [00:05<00:03,  3.54it/s]
INFO:cellpose.core:62%|######2   | 20/32 [00:05<00:03,  3.55it/s]
INFO:cellpose.core:66%|######5   | 21/32 [00:05<00:03,  3.55it/s]
INFO:cellpose.core:69%|######8   | 22/32 [00:06<00:02,  3.55it/s]
INFO:cellpose.core:72%|#######1  | 23/32 [00:06<00:02,  3.54it/s]
INFO:cellpose.core:75%|#######5  | 24/32 [00:06<00:02,  3.54it/s]
INFO:cellpose.core:78%|#######8  | 25/32 [00:07<00:01,  3.54it/s]
INFO:cellpose.core:81%|########1 | 26/32 [00:07<00:01,  3.54it/s]
INFO:cellpose.core:84%|########4 | 27/32 [00:07<00:01,  3.55it/s]
INFO:cellpose.core:88%|########7 | 28/32 [00:07<00:01,  3.54it/s]
INFO:cellpose.core:91%|######### | 29/32 [00:08<00:00,  3.55it/s]
INFO:cellpose.core:94%|#########3| 30/32 [00:08<00:00,  3.55it/s]
INFO:cellpose.core:97%|#########6| 31/32 [00:08<00:00,  3.55it/s]
INFO:cellpose.core:100%|##########| 32/32 [00:09<00:00,  3.55it/s]
INFO:cellpose.core:100%|##########| 32/32 [00:09<00:00,  3.53it/s]
INFO:cellpose.core:running ZX: 1024 planes of size (111, 1024)
INFO:cellpose.core:0%|          | 0/32 [00:00<?, ?it/s]
INFO:cellpose.core:3%|3         | 1/32 [00:00<00:08,  3.55it/s]
INFO:cellpose.core:6%|6         | 2/32 [00:00<00:08,  3.55it/s]
INFO:cellpose.core:9%|9         | 3/32 [00:00<00:08,  3.55it/s]
INFO:cellpose.core:12%|#2        | 4/32 [00:01<00:07,  3.54it/s]
INFO:cellpose.core:16%|#5        | 5/32 [00:01<00:07,  3.54it/s]
INFO:cellpose.core:19%|#8        | 6/32 [00:01<00:07,  3.54it/s]
INFO:cellpose.core:22%|##1       | 7/32 [00:01<00:07,  3.54it/s]
INFO:cellpose.core:25%|##5       | 8/32 [00:02<00:06,  3.54it/s]
INFO:cellpose.core:28%|##8       | 9/32 [00:02<00:06,  3.54it/s]
INFO:cellpose.core:31%|###1      | 10/32 [00:02<00:06,  3.54it/s]
INFO:cellpose.core:34%|###4      | 11/32 [00:03<00:05,  3.54it/s]
INFO:cellpose.core:38%|###7      | 12/32 [00:03<00:05,  3.54it/s]
INFO:cellpose.core:41%|####      | 13/32 [00:03<00:05,  3.53it/s]
INFO:cellpose.core:44%|####3     | 14/32 [00:03<00:05,  3.54it/s]
INFO:cellpose.core:47%|####6     | 15/32 [00:04<00:04,  3.54it/s]
INFO:cellpose.core:50%|#####     | 16/32 [00:04<00:04,  3.54it/s]
INFO:cellpose.core:53%|#####3    | 17/32 [00:04<00:04,  3.54it/s]
INFO:cellpose.core:56%|#####6    | 18/32 [00:05<00:03,  3.54it/s]
INFO:cellpose.core:59%|#####9    | 19/32 [00:05<00:03,  3.54it/s]
INFO:cellpose.core:62%|######2   | 20/32 [00:05<00:03,  3.55it/s]
INFO:cellpose.core:66%|######5   | 21/32 [00:05<00:03,  3.55it/s]
INFO:cellpose.core:69%|######8   | 22/32 [00:06<00:02,  3.55it/s]
INFO:cellpose.core:72%|#######1  | 23/32 [00:06<00:02,  3.55it/s]
INFO:cellpose.core:75%|#######5  | 24/32 [00:06<00:02,  3.55it/s]
INFO:cellpose.core:78%|#######8  | 25/32 [00:07<00:01,  3.54it/s]
INFO:cellpose.core:81%|########1 | 26/32 [00:07<00:01,  3.54it/s]
INFO:cellpose.core:84%|########4 | 27/32 [00:07<00:01,  3.54it/s]
INFO:cellpose.core:88%|########7 | 28/32 [00:07<00:01,  3.55it/s]
INFO:cellpose.core:91%|######### | 29/32 [00:08<00:00,  3.55it/s]
INFO:cellpose.core:94%|#########3| 30/32 [00:08<00:00,  3.54it/s]
INFO:cellpose.core:97%|#########6| 31/32 [00:08<00:00,  3.54it/s]
INFO:cellpose.core:100%|##########| 32/32 [00:09<00:00,  3.55it/s]
INFO:cellpose.core:100%|##########| 32/32 [00:09<00:00,  3.54it/s]
INFO:cellpose.models:network run in 40.05s
INFO:cellpose.models:masks created in 132.92s
INFO:cellpose.models:>>>> TOTAL TIME 180.63 sec
INFO:root: Clear borders
